<?xml version="1.0" encoding="UTF-8"?>
<testng-results skipped="0" failed="0" total="1" passed="1">
  <reporter-output>
  </reporter-output>
  <suite name="Suite" duration-ms="30049" started-at="2020-05-02T18:57:14Z" finished-at="2020-05-02T18:57:44Z">
    <groups>
    </groups>
    <test name="Test" duration-ms="30049" started-at="2020-05-02T18:57:14Z" finished-at="2020-05-02T18:57:44Z">
      <class name="com.Framework.CreateFramework.testCases.TestCustomerAPI">
        <test-method status="PASS" signature="beforeSuite()[pri:0, instance:com.Framework.CreateFramework.testCases.TestCustomerAPI@7fc229ab]" name="beforeSuite" is-config="true" duration-ms="15615" started-at="2020-05-03T00:26:58Z" finished-at="2020-05-03T00:27:14Z">
          <reporter-output>
          </reporter-output>
        </test-method> <!-- beforeSuite -->
        <test-method status="PASS" signature="beforeClass()[pri:0, instance:com.Framework.CreateFramework.testCases.TestCustomerAPI@7fc229ab]" name="beforeClass" is-config="true" duration-ms="16" started-at="2020-05-03T00:27:14Z" finished-at="2020-05-03T00:27:14Z">
          <reporter-output>
          </reporter-output>
        </test-method> <!-- beforeClass -->
        <test-method status="PASS" signature="beforeMethod(java.lang.reflect.Method)[pri:0, instance:com.Framework.CreateFramework.testCases.TestCustomerAPI@7fc229ab]" name="beforeMethod" is-config="true" duration-ms="422" started-at="2020-05-03T00:27:14Z" finished-at="2020-05-03T00:27:15Z">
          <params>
            <param index="0">
              <value>
                <![CDATA[public void com.Framework.CreateFramework.testCases.TestCustomerAPI.checkCreateCustomerApiwithValiddata(java.util.Hashtable)]]>
              </value>
            </param>
          </params>
          <reporter-output>
          </reporter-output>
        </test-method> <!-- beforeMethod -->
        <test-method status="PASS" signature="checkCreateCustomerApiwithValiddata(java.util.Hashtable)[pri:0, instance:com.Framework.CreateFramework.testCases.TestCustomerAPI@7fc229ab]" name="checkCreateCustomerApiwithValiddata" duration-ms="26876" started-at="2020-05-03T00:27:15Z" data-provider="dp" finished-at="2020-05-03T00:27:42Z">
          <params>
            <param index="0">
              <value>
                <![CDATA[{ExtectedStatusCode=200, Expectedemail=rishab4verma@gmail.com, arguments=email:rishab4verma@gmail.com,description:This is my e mail,name:Rish,, endpoint=/customers}]]>
              </value>
            </param>
          </params>
          <reporter-output>
          </reporter-output>
        </test-method> <!-- checkCreateCustomerApiwithValiddata -->
        <test-method status="PASS" signature="afterMethod(org.testng.ITestResult)[pri:0, instance:com.Framework.CreateFramework.testCases.TestCustomerAPI@7fc229ab]" name="afterMethod" is-config="true" duration-ms="2441" started-at="2020-05-03T00:27:42Z" finished-at="2020-05-03T00:27:44Z">
          <params>
            <param index="0">
              <value>
                <![CDATA[[TestResult name=checkCreateCustomerApiwithValiddata status=SUCCESS method=TestCustomerAPI.checkCreateCustomerApiwithValiddata(java.util.Hashtable)[pri:0, instance:com.Framework.CreateFramework.testCases.TestCustomerAPI@7fc229ab] output={null}]]]>
              </value>
            </param>
          </params>
          <reporter-output>
          </reporter-output>
        </test-method> <!-- afterMethod -->
        <test-method status="PASS" signature="afterSuite()[pri:0, instance:com.Framework.CreateFramework.testCases.TestCustomerAPI@7fc229ab]" name="afterSuite" is-config="true" duration-ms="0" started-at="2020-05-03T00:27:46Z" finished-at="2020-05-03T00:27:46Z">
          <reporter-output>
          </reporter-output>
        </test-method> <!-- afterSuite -->
      </class> <!-- com.Framework.CreateFramework.testCases.TestCustomerAPI -->
    </test> <!-- Test -->
  </suite> <!-- Suite -->
</testng-results>
